<?xml version="1.0" encoding="UTF-8"?>
<!-- Generated by org.testng.reporters.JUnitReportReporter -->
<testsuite skipped="1" hostname="netradyne-agam" name="com.volksHelp.webApplication.uiTesting.VolksHelpHome" tests="3" failures="0" timestamp="31 Jan 2018 11:47:01 GMT" time="49.784" errors="0">
  <testcase name="placeOrderWorkflow" time="15.693" classname="com.volksHelp.webApplication.uiTesting.VolksHelpHome"/>
  <testcase name="login" time="34.091" classname="com.volksHelp.webApplication.uiTesting.VolksHelpHome"/>
  <testcase name="cancelOrderWorkflow" classname="com.volksHelp.webApplication.uiTesting.VolksHelpHome">
    <skipped/>
  </testcase> <!-- cancelOrderWorkflow -->
</testsuite> <!-- com.volksHelp.webApplication.uiTesting.VolksHelpHome -->
