<?xml version="1.0" encoding="UTF-8"?>
<!-- Generated by org.testng.reporters.JUnitReportReporter -->
<testsuite hostname="Agams-MacBook-Air.local" failures="0" tests="1" name="com.kasback.webApplication.uiTesting.KasbackLogin" time="26.964" errors="0" timestamp="10 Jan 2019 19:26:58 GMT" skipped="0">
  <testcase classname="com.kasback.webApplication.uiTesting.KasbackLogin" name="activateSellerAndLogin" time="26.964"/>
</testsuite> <!-- com.kasback.webApplication.uiTesting.KasbackLogin -->
