<?xml version="1.0" encoding="UTF-8"?>
<!-- Generated by org.testng.reporters.JUnitReportReporter -->
<testsuite hostname="Agams-MacBook-Air.local" failures="0" tests="1" name="com.kasback.webApplication.uiTesting.KasbackFavourites" time="50.666" errors="0" timestamp="04 Jan 2019 10:40:37 GMT" skipped="0">
  <testcase classname="com.kasback.webApplication.uiTesting.KasbackFavourites" name="deleteProductFromFavouritesAndVerify" time="50.666"/>
</testsuite> <!-- com.kasback.webApplication.uiTesting.KasbackFavourites -->
