<?xml version="1.0" encoding="UTF-8"?>
<!-- Generated by org.testng.reporters.JUnitReportReporter -->
<testsuite hostname="Agams-MacBook-Air.local" failures="0" tests="2" name="com.kasback.webApplication.uiTesting.KasbackLogin" time="52.846" errors="0" timestamp="22 Dec 2018 09:27:17 GMT" skipped="0">
  <testcase classname="com.kasback.webApplication.uiTesting.KasbackLogin" name="buyerLoginWithValidCredentials" time="15.848"/>
  <testcase classname="com.kasback.webApplication.uiTesting.KasbackLogin" name="buyerSignUp" time="36.998"/>
</testsuite> <!-- com.kasback.webApplication.uiTesting.KasbackLogin -->
