<?xml version="1.0" encoding="UTF-8"?>
<!-- Generated by org.testng.reporters.JUnitReportReporter -->
<testsuite skipped="0" hostname="netradyne-agam" name="com.volksHelp.webApplication.uiTesting.LandingPage" tests="2" failures="0" timestamp="08 Mar 2018 11:46:28 GMT" time="42.345" errors="0">
  <testcase name="placeOrderRequest" time="32.226" classname="com.volksHelp.webApplication.uiTesting.LandingPage"/>
  <testcase name="goToLandingPage" time="10.119" classname="com.volksHelp.webApplication.uiTesting.LandingPage"/>
</testsuite> <!-- com.volksHelp.webApplication.uiTesting.LandingPage -->
