<?xml version="1.0" encoding="UTF-8"?>
<!-- Generated by org.testng.reporters.JUnitReportReporter -->
<testsuite hostname="Agams-MacBook-Air.local" failures="0" tests="2" name="com.kasback.webApplication.uiTesting.KasbackAddNewListing" time="67.508" errors="0" timestamp="11 Jan 2019 16:14:15 GMT" skipped="0">
  <testcase classname="com.kasback.webApplication.uiTesting.KasbackAddNewListing" name="deleteAProduct" time="1.717"/>
  <testcase classname="com.kasback.webApplication.uiTesting.KasbackAddNewListing" name="AddNewListing" time="65.791"/>
</testsuite> <!-- com.kasback.webApplication.uiTesting.KasbackAddNewListing -->
