<?xml version="1.0" encoding="UTF-8"?>
<!-- Generated by org.testng.reporters.JUnitReportReporter -->
<testsuite hostname="Agams-MacBook-Air.local" failures="0" tests="1" name="com.kasback.webApplication.uiTesting.KasbackProfile" time="43.099" errors="0" timestamp="11 Jan 2019 06:40:43 GMT" skipped="0">
  <testcase classname="com.kasback.webApplication.uiTesting.KasbackProfile" name="editSellerProfile" time="43.099"/>
</testsuite> <!-- com.kasback.webApplication.uiTesting.KasbackProfile -->
