<?xml version="1.0" encoding="UTF-8"?>
<!-- Generated by org.testng.reporters.JUnitReportReporter -->
<testsuite hostname="Agams-MacBook-Air.local" failures="0" tests="2" name="com.kasback.webApplication.uiTesting.KasbackOrderSummary" time="84.084" errors="0" timestamp="09 Jan 2019 08:39:36 GMT" skipped="0">
  <testcase classname="com.kasback.webApplication.uiTesting.KasbackOrderSummary" name="verifyOrderSummary" time="70.975"/>
  <testcase classname="com.kasback.webApplication.uiTesting.KasbackOrderSummary" name="verifyOrderStatusAfterUpdateFromAdmin" time="13.109"/>
</testsuite> <!-- com.kasback.webApplication.uiTesting.KasbackOrderSummary -->
