<?xml version="1.0" encoding="UTF-8"?>
<!-- Generated by org.testng.reporters.JUnitReportReporter -->
<testsuite hostname="Agams-MacBook-Air.local" failures="0" tests="1" name="com.kasback.pages.KasbackProfilePage" time="0.009" errors="0" timestamp="02 Jan 2019 11:03:04 GMT" skipped="0">
  <testcase classname="com.kasback.pages.KasbackProfilePage" name="editProfile" time="0.009"/>
</testsuite> <!-- com.kasback.pages.KasbackProfilePage -->
