<?xml version="1.0" encoding="UTF-8"?>
<!-- Generated by org.testng.reporters.JUnitReportReporter -->
<testsuite hostname="Agams-MacBook-Air.local" failures="0" tests="2" name="com.kasback.webApplication.uiTesting.KasbackProfile" time="32.136" errors="0" timestamp="03 Jan 2019 07:31:44 GMT" skipped="0">
  <testcase classname="com.kasback.webApplication.uiTesting.KasbackProfile" name="checkValidation" time="0.775"/>
  <testcase classname="com.kasback.webApplication.uiTesting.KasbackProfile" name="loginWithExistingCustomerAndGoToProfilePage" time="31.361"/>
</testsuite> <!-- com.kasback.webApplication.uiTesting.KasbackProfile -->
