<?xml version="1.0" encoding="UTF-8"?>
<!-- Generated by org.testng.reporters.JUnitReportReporter -->
<testsuite hostname="Agams-MacBook-Air.local" failures="0" tests="1" name="com.kasback.webApplication.uiTesting.KasbackHome" time="14.598" errors="0" timestamp="10 Jan 2019 09:27:37 GMT" skipped="0">
  <testcase classname="com.kasback.webApplication.uiTesting.KasbackHome" name="viewProductDetails" time="14.598"/>
</testsuite> <!-- com.kasback.webApplication.uiTesting.KasbackHome -->
