<?xml version="1.0" encoding="UTF-8"?>
<!-- Generated by org.testng.reporters.JUnitReportReporter -->
<testsuite hostname="Agams-MacBook-Air.local" failures="0" tests="1" name="com.kasback.webApplication.uiTesting.KasbackHome" time="22.733" errors="0" timestamp="03 Jan 2019 12:57:17 GMT" skipped="0">
  <testcase classname="com.kasback.webApplication.uiTesting.KasbackHome" name="viewProductDetails" time="22.733"/>
</testsuite> <!-- com.kasback.webApplication.uiTesting.KasbackHome -->
