<?xml version="1.0" encoding="UTF-8"?>
<!-- Generated by org.testng.reporters.JUnitReportReporter -->
<testsuite hostname="Agams-MacBook-Air.local" failures="0" tests="1" name="com.kasback.webApplication.uiTesting.KasbackAddNewListing" time="65.190" errors="0" timestamp="12 Jan 2019 09:52:03 GMT" skipped="0">
  <testcase classname="com.kasback.webApplication.uiTesting.KasbackAddNewListing" name="AddNewListing" time="65.190"/>
</testsuite> <!-- com.kasback.webApplication.uiTesting.KasbackAddNewListing -->
