<?xml version="1.0" encoding="UTF-8"?>
<!-- Generated by org.testng.reporters.JUnitReportReporter -->
<testsuite hostname="Agams-MacBook-Air.local" failures="0" tests="2" name="com.kasback.webApplication.uiTesting.KasbackOrderWorkflows" time="38.587" errors="0" timestamp="04 Jan 2019 10:08:28 GMT" skipped="0">
  <testcase classname="com.kasback.webApplication.uiTesting.KasbackOrderWorkflows" name="addToFavouritesButton" time="20.313"/>
  <testcase classname="com.kasback.webApplication.uiTesting.KasbackOrderWorkflows" name="loginWithExistingCustomer" time="18.274"/>
</testsuite> <!-- com.kasback.webApplication.uiTesting.KasbackOrderWorkflows -->
