<?xml version="1.0" encoding="UTF-8"?>
<!-- Generated by org.testng.reporters.JUnitReportReporter -->
<testsuite hostname="Agams-MacBook-Air.local" failures="0" tests="1" name="com.kasback.webApplication.uiTesting.KasbackOrderSummary" time="83.994" errors="0" timestamp="12 Jan 2019 12:45:05 GMT" skipped="0">
  <testcase classname="com.kasback.webApplication.uiTesting.KasbackOrderSummary" name="verifyOrderSummary" time="83.994"/>
</testsuite> <!-- com.kasback.webApplication.uiTesting.KasbackOrderSummary -->
