<?xml version="1.0" encoding="UTF-8"?>
<!-- Generated by org.testng.reporters.JUnitReportReporter -->
<testsuite skipped="0" hostname="netradyne-agam" name="com.volksHelp.webApplication.uiTesting.Login" tests="1" failures="0" timestamp="20 Dec 2017 04:53:14 GMT" time="30.076" errors="0">
  <testcase name="doLogin" time="30.076" classname="com.volksHelp.webApplication.uiTesting.Login"/>
</testsuite> <!-- com.volksHelp.webApplication.uiTesting.Login -->
