<?xml version="1.0" encoding="UTF-8"?>
<!-- Generated by org.testng.reporters.JUnitReportReporter -->
<testsuite hostname="Agams-MacBook-Air.local" failures="0" tests="1" name="com.kasback.webApplication.uiTesting.KasbackOrderSummary" time="60.342" errors="0" timestamp="04 Jan 2019 18:46:19 GMT" skipped="0">
  <testcase classname="com.kasback.webApplication.uiTesting.KasbackOrderSummary" name="verifyOrderSummary" time="60.342"/>
</testsuite> <!-- com.kasback.webApplication.uiTesting.KasbackOrderSummary -->
